[
  {
    "level": "INFO",
    "message": "android.ndkVersion from module build.gradle is not set"
  },
  {
    "level": "INFO",
    "message": "ndk.dir in local.properties is D:/AppData/Local/Android/Sdk/ndk/21.3.6528147"
  },
  {
    "level": "INFO",
    "message": "ANDROID_NDK_HOME environment variable is not set"
  },
  {
    "level": "INFO",
    "message": "sdkFolder is D:\\AppData\\Local\\Android\\Sdk"
  },
  {
    "level": "INFO",
    "message": "Considering D:\\AppData\\Local\\Android\\Sdk\\ndk\\21.3.6528147 by ndk.dir"
  },
  {
    "level": "INFO",
    "message": "Considering D:\\AppData\\Local\\Android\\Sdk\\ndk-bundle in SDK ndk-bundle folder"
  },
  {
    "level": "INFO",
    "message": "Considering D:\\AppData\\Local\\Android\\Sdk\\ndk\\17.2.4988734 in SDK ndk folder"
  },
  {
    "level": "INFO",
    "message": "Considering D:\\AppData\\Local\\Android\\Sdk\\ndk\\18.1.5063045 in SDK ndk folder"
  },
  {
    "level": "INFO",
    "message": "Considering D:\\AppData\\Local\\Android\\Sdk\\ndk\\19.2.5345600 in SDK ndk folder"
  },
  {
    "level": "INFO",
    "message": "Considering D:\\AppData\\Local\\Android\\Sdk\\ndk\\21.0.6113669 in SDK ndk folder"
  },
  {
    "level": "INFO",
    "message": "Considering D:\\AppData\\Local\\Android\\Sdk\\ndk\\21.1.6352462 in SDK ndk folder"
  },
  {
    "level": "INFO",
    "message": "Considering D:\\AppData\\Local\\Android\\Sdk\\ndk\\21.3.6528147 in SDK ndk folder"
  },
  {
    "level": "INFO",
    "message": "Considering D:\\AppData\\Local\\Android\\Sdk\\ndk\\21.4.7075529 in SDK ndk folder"
  },
  {
    "level": "INFO",
    "message": "Considering D:\\AppData\\Local\\Android\\Sdk\\ndk\\22.1.7171670 in SDK ndk folder"
  },
  {
    "level": "INFO",
    "message": "Considering D:\\AppData\\Local\\Android\\Sdk\\ndk\\23.0.7599858 in SDK ndk folder"
  },
  {
    "level": "INFO",
    "message": "Considering D:\\AppData\\Local\\Android\\Sdk\\ndk\\23.1.7779620 in SDK ndk folder"
  },
  {
    "level": "INFO",
    "message": "Considering D:\\AppData\\Local\\Android\\Sdk\\ndk\\25.1.8937393 in SDK ndk folder"
  },
  {
    "level": "INFO",
    "message": "Considering D:\\AppData\\Local\\Android\\Sdk\\ndk\\25.2.9519653 in SDK ndk folder"
  },
  {
    "level": "INFO",
    "message": "Considering D:\\AppData\\Local\\Android\\Sdk\\ndk\\26.1.10909125 in SDK ndk folder"
  },
  {
    "level": "INFO",
    "message": "Considering D:\\AppData\\Local\\Android\\Sdk\\ndk\\android-ndk-r11c in SDK ndk folder"
  },
  {
    "level": "INFO",
    "message": "Considering D:\\AppData\\Local\\Android\\Sdk\\ndk\\android-ndk-r15c in SDK ndk folder"
  },
  {
    "level": "INFO",
    "message": "Considering D:\\AppData\\Local\\Android\\Sdk\\ndk\\android-ndk-r16b in SDK ndk folder"
  },
  {
    "level": "INFO",
    "message": "Considering D:\\AppData\\Local\\Android\\Sdk\\ndk\\android-ndk-r19 in SDK ndk folder"
  },
  {
    "level": "INFO",
    "message": "Considering D:\\AppData\\Local\\Android\\Sdk\\ndk\\android-ndk-r19c in SDK ndk folder"
  },
  {
    "level": "INFO",
    "message": "Found requested ndk.dir (D:\\AppData\\Local\\Android\\Sdk\\ndk\\21.3.6528147) which has version 21.3.6528147"
  }
]